<?xml version="1.0" encoding="UTF-8" ?>
<testsuite errors="1" failures="0" hostname="Admin-PC" name="test.HelloTest" tests="1" time="0.0" timestamp="2011-12-29T06:58:41">
  <properties>
    <property name="java.vendor" value="Sun Microsystems Inc." />
    <property name="sun.java.launcher" value="SUN_STANDARD" />
    <property name="eclipse.pdebuild.templates" value="/D:/springsource/sts-2.8.1.RELEASE/plugins/org.eclipse.pde.build_3.7.0.v20110512-1320/templates/" />
    <property name="sun.management.compiler" value="HotSpot 64-Bit Tiered Compilers" />
    <property name="org.apache.maven:maven-artifact:jar" value="d:\Maven Repository\org\apache\maven\maven-artifact\3.0.2\maven-artifact-3.0.2.jar" />
    <property name="test.resources" value="D:\Sources\autotest1\src\test\resources" />
    <property name="os.name" value="Windows 7" />
    <property name="org.sonatype.plexus:plexus-cipher:jar" value="d:\Maven Repository\org\sonatype\plexus\plexus-cipher\1.4\plexus-cipher-1.4.jar" />
    <property name="sun.boot.class.path" value="D:\Java\jdk1.6.0_26\jre\lib\resources.jar;D:\Java\jdk1.6.0_26\jre\lib\rt.jar;D:\Java\jdk1.6.0_26\jre\lib\sunrsasign.jar;D:\Java\jdk1.6.0_26\jre\lib\jsse.jar;D:\Java\jdk1.6.0_26\jre\lib\jce.jar;D:\Java\jdk1.6.0_26\jre\lib\charsets.jar;D:\Java\jdk1.6.0_26\jre\lib\modules\jdk.boot.jar;D:\Java\jdk1.6.0_26\jre\classes" />
    <property name="org.sonatype.sisu:sisu-inject-bean:jar" value="d:\Maven Repository\org\sonatype\sisu\sisu-inject-bean\1.4.3.1\sisu-inject-bean-1.4.3.1.jar" />
    <property name="sun.desktop" value="windows" />
    <property name="java.vm.specification.vendor" value="Sun Microsystems Inc." />
    <property name="ant.home" value="D:\springsource\sts-2.8.1.RELEASE\plugins\org.apache.ant_1.8.2.v20110505-1300" />
    <property name="java.runtime.version" value="1.6.0_26-b03" />
    <property name="org.codehaus.plexus:plexus-component-annotations:jar" value="d:\Maven Repository\org\codehaus\plexus\plexus-component-annotations\1.5.5\plexus-component-annotations-1.5.5.jar" />
    <property name="org.codehaus.plexus:plexus-interpolation:jar" value="d:\Maven Repository\org\codehaus\plexus\plexus-interpolation\1.14\plexus-interpolation-1.14.jar" />
    <property name="test.report" value="D:\Sources\autotest1\target\test-reports" />
    <property name="commons-cli:commons-cli:jar" value="d:\Maven Repository\commons-cli\commons-cli\1.2\commons-cli-1.2.jar" />
    <property name="user.name" value="Admin" />
    <property name="org.apache.maven:maven-plugin-api:jar" value="d:\Maven Repository\org\apache\maven\maven-plugin-api\3.0.2\maven-plugin-api-3.0.2.jar" />
    <property name="src.java" value="D:\Sources\autotest1\src\main\java" />
    <property name="org.sonatype.sisu:sisu-guice:jar:noaop" value="d:\Maven Repository\org\sonatype\sisu\sisu-guice\2.9.1\sisu-guice-2.9.1-noaop.jar" />
    <property name="gitTimeout" value="1800" />
    <property name="user.language" value="zh" />
    <property name="build" value="D:\Sources\autotest1\target\classes" />
    <property name="org.codehaus.plexus:plexus-utils:jar" value="d:\Maven Repository\org\codehaus\plexus\plexus-utils\2.0.6\plexus-utils-2.0.6.jar" />
    <property name="projectPath" value="D:/Sources/autotest1" />
    <property name="sun.boot.library.path" value="D:\Java\jdk1.6.0_26\jre\bin" />
    <property name="ant.project.default-target" value="status_project" />
    <property name="ant.project.name" value="Auto Test" />
    <property name="java.version" value="1.6.0_26" />
    <property name="org.sonatype.sisu.inject:guice-bean-reflect:jar" value="d:\Maven Repository\org\sonatype\sisu\inject\guice-bean-reflect\2.0.0\guice-bean-reflect-2.0.0.jar" />
    <property name="org.sonatype.plexus:plexus-sec-dispatcher:jar" value="d:\Maven Repository\org\sonatype\plexus\plexus-sec-dispatcher\1.3\plexus-sec-dispatcher-1.3.jar" />
    <property name="user.timezone" value="" />
    <property name="sun.arch.data.model" value="64" />
    <property name="java.endorsed.dirs" value="D:\Java\jdk1.6.0_26\jre\lib\endorsed" />
    <property name="sun.cpu.isalist" value="amd64" />
    <property name="sun.jnu.encoding" value="GBK" />
    <property name="file.encoding.pkg" value="sun.io" />
    <property name="org.apache.maven:maven-settings:jar" value="d:\Maven Repository\org\apache\maven\maven-settings\3.0.2\maven-settings-3.0.2.jar" />
    <property name="file.separator" value="\" />
    <property name="java.specification.name" value="Java Platform API Specification" />
    <property name="java.class.version" value="50.0" />
    <property name="user.country" value="CN" />
    <property name="java.home" value="D:\Java\jdk1.6.0_26\jre" />
    <property name="src.resources" value="D:\Sources\autotest1\src\main\resources" />
    <property name="java.vm.info" value="mixed mode" />
    <property name="org.sonatype.sisu:sisu-inject-plexus:jar" value="d:\Maven Repository\org\sonatype\sisu\sisu-inject-plexus\1.4.3.1\sisu-inject-plexus-1.4.3.1.jar" />
    <property name="org.apache.maven:maven-model:jar" value="d:\Maven Repository\org\apache\maven\maven-model\3.0.2\maven-model-3.0.2.jar" />
    <property name="ant.file" value="D:\workspaces\auto-test\AutoTest\build\build.xml" />
    <property name="os.version" value="6.1" />
    <property name="org.sonatype.plexus:plexus-build-api:jar" value="d:\Maven Repository\org\sonatype\plexus\plexus-build-api\0.0.7\plexus-build-api-0.0.7.jar" />
    <property name="org.apache.maven:maven-compat:jar" value="d:\Maven Repository\org\apache\maven\maven-compat\3.0.2\maven-compat-3.0.2.jar" />
    <property name="path.separator" value=";" />
    <property name="java.vm.version" value="20.1-b02" />
    <property name="test.java" value="D:\Sources\autotest1\src\test\java" />
    <property name="user.variant" value="" />
    <property name="org.sonatype.sisu.inject:guice-plexus-converters:jar" value="d:\Maven Repository\org\sonatype\sisu\inject\guice-plexus-converters\2.0.0\guice-plexus-converters-2.0.0.jar" />
    <property name="ant.library.dir" value="D:\springsource\sts-2.8.1.RELEASE\plugins\org.apache.ant_1.8.2.v20110505-1300\lib" />
    <property name="org.sonatype.sisu.inject:guice-bean-scanners:jar" value="d:\Maven Repository\org\sonatype\sisu\inject\guice-bean-scanners\2.0.0\guice-bean-scanners-2.0.0.jar" />
    <property name="java.awt.printerjob" value="sun.awt.windows.WPrinterJob" />
    <property name="sun.io.unicode.encoding" value="UnicodeLittle" />
    <property name="junit:junit:jar" value="d:\Maven Repository\junit\junit\4.8.1\junit-4.8.1.jar" />
    <property name="awt.toolkit" value="sun.awt.windows.WToolkit" />
    <property name="org.sonatype.sisu.inject:guice-plexus-binders:jar" value="d:\Maven Repository\org\sonatype\sisu\inject\guice-plexus-binders\2.0.0\guice-plexus-binders-2.0.0.jar" />
    <property name="org.sonatype.aether:aether-impl:jar" value="d:\Maven Repository\org\sonatype\aether\aether-impl\1.9\aether-impl-1.9.jar" />
    <property name="eclipse.pdebuild.scripts" value="/D:/springsource/sts-2.8.1.RELEASE/plugins/org.eclipse.pde.build_3.7.0.v20110512-1320/scripts/" />
    <property name="javax.inject:javax.inject:jar" value="d:\Maven Repository\javax\inject\javax.inject\1\javax.inject-1.jar" />
    <property name="gitUrl" value="https://zhyaeileen@github.com/zhyaeileen/socket.git" />
    <property name="user.home" value="C:\Users\Admin" />
    <property name="org.sonatype.sisu.inject:guice-bean-locators:jar" value="d:\Maven Repository\org\sonatype\sisu\inject\guice-bean-locators\2.0.0\guice-bean-locators-2.0.0.jar" />
    <property name="test" value="D:\Sources\autotest1\target\test-classes" />
    <property name="java.specification.vendor" value="Sun Microsystems Inc." />
    <property name="ant.file.Auto Test" value="D:\workspaces\auto-test\AutoTest\build\build.xml" />
    <property name="java.vendor.url" value="http://java.sun.com/" />
    <property name="logNum" value="1000" />
    <property name="java.library.path" value="D:\springsource\sts-2.8.1.RELEASE;C:\windows\Sun\Java\bin;C:\windows\system32;C:\windows;C:\Program Files (x86)\Common Files\NetSarang;C:\windows\system32;C:\windows;C:\windows\System32\Wbem;C:\windows\System32\WindowsPowerShell\v1.0\;d:\Java\jdk1.6.0_26\bin;d:\apache-maven-3.0.3\bin;d:\SlikSvn\bin;d:\OracleClient;C:\Program Files\TortoiseSVN\bin;C:\Program Files\TortoiseGit\bin;C:\Program Files (x86)\Git\cmd;.;D:\springsource\sts-2.8.1.RELEASE\configuration\org.eclipse.osgi\bundles\705\1\.cp" />
    <property name="org.sonatype.sisu.inject:guice-bean-binders:jar" value="d:\Maven Repository\org\sonatype\sisu\inject\guice-bean-binders\2.0.0\guice-bean-binders-2.0.0.jar" />
    <property name="gitEmail" value="tester01@test.net" />
    <property name="java.vm.vendor" value="Sun Microsystems Inc." />
    <property name="org.sonatype.aether:aether-spi:jar" value="d:\Maven Repository\org\sonatype\aether\aether-spi\1.9\aether-spi-1.9.jar" />
    <property name="java.runtime.name" value="Java(TM) SE Runtime Environment" />
    <property name="org.apache.maven:maven-settings-builder:jar" value="d:\Maven Repository\org\apache\maven\maven-settings-builder\3.0.2\maven-settings-builder-3.0.2.jar" />
    <property name="java.class.path" value="D:\springsource\sts-2.8.1.RELEASE\plugins\org.apache.ant_1.8.2.v20110505-1300\lib\ant-antlr.jar;D:\springsource\sts-2.8.1.RELEASE\plugins\org.apache.ant_1.8.2.v20110505-1300\lib\ant-apache-bcel.jar;D:\springsource\sts-2.8.1.RELEASE\plugins\org.apache.ant_1.8.2.v20110505-1300\lib\ant-apache-bsf.jar;D:\springsource\sts-2.8.1.RELEASE\plugins\org.apache.ant_1.8.2.v20110505-1300\lib\ant-apache-log4j.jar;D:\springsource\sts-2.8.1.RELEASE\plugins\org.apache.ant_1.8.2.v20110505-1300\lib\ant-apache-oro.jar;D:\springsource\sts-2.8.1.RELEASE\plugins\org.apache.ant_1.8.2.v20110505-1300\lib\ant-apache-regexp.jar;D:\springsource\sts-2.8.1.RELEASE\plugins\org.apache.ant_1.8.2.v20110505-1300\lib\ant-apache-resolver.jar;D:\springsource\sts-2.8.1.RELEASE\plugins\org.apache.ant_1.8.2.v20110505-1300\lib\ant-apache-xalan2.jar;D:\springsource\sts-2.8.1.RELEASE\plugins\org.apache.ant_1.8.2.v20110505-1300\lib\ant-commons-logging.jar;D:\springsource\sts-2.8.1.RELEASE\plugins\org.apache.ant_1.8.2.v20110505-1300\lib\ant-commons-net.jar;D:\springsource\sts-2.8.1.RELEASE\plugins\org.apache.ant_1.8.2.v20110505-1300\lib\ant-jai.jar;D:\springsource\sts-2.8.1.RELEASE\plugins\org.apache.ant_1.8.2.v20110505-1300\lib\ant-javamail.jar;D:\springsource\sts-2.8.1.RELEASE\plugins\org.apache.ant_1.8.2.v20110505-1300\lib\ant-jdepend.jar;D:\springsource\sts-2.8.1.RELEASE\plugins\org.apache.ant_1.8.2.v20110505-1300\lib\ant-jmf.jar;D:\springsource\sts-2.8.1.RELEASE\plugins\org.apache.ant_1.8.2.v20110505-1300\lib\ant-jsch.jar;D:\springsource\sts-2.8.1.RELEASE\plugins\org.apache.ant_1.8.2.v20110505-1300\lib\ant-junit.jar;D:\springsource\sts-2.8.1.RELEASE\plugins\org.apache.ant_1.8.2.v20110505-1300\lib\ant-junit4.jar;D:\springsource\sts-2.8.1.RELEASE\plugins\org.apache.ant_1.8.2.v20110505-1300\lib\ant-launcher.jar;D:\springsource\sts-2.8.1.RELEASE\plugins\org.apache.ant_1.8.2.v20110505-1300\lib\ant-netrexx.jar;D:\springsource\sts-2.8.1.RELEASE\plugins\org.apache.ant_1.8.2.v20110505-1300\lib\ant-swing.jar;D:\springsource\sts-2.8.1.RELEASE\plugins\org.apache.ant_1.8.2.v20110505-1300\lib\ant-testutil.jar;D:\springsource\sts-2.8.1.RELEASE\plugins\org.apache.ant_1.8.2.v20110505-1300\lib\ant.jar;D:\springsource\sts-2.8.1.RELEASE\configuration\org.eclipse.osgi\bundles\138\1\.cp\lib\antdebug.jar;D:\springsource\sts-2.8.1.RELEASE\configuration\org.eclipse.osgi\bundles\138\1\.cp\lib\remote.jar;D:\springsource\sts-2.8.1.RELEASE\configuration\org.eclipse.osgi\bundles\139\1\.cp\lib\remoteAnt.jar;D:\Java\jdk1.6.0_26\lib\tools.jar;D:\springsource\sts-2.8.1.RELEASE\plugins\org.eclipse.swt.win32.win32.x86_64_3.7.1.v3738a.jar" />
    <property name="ant.version" value="Apache Ant(TM) version 1.8.2 compiled on December 20 2010" />
    <property name="sun.java.command" value="org.eclipse.ant.internal.launching.remote.InternalAntRunner -Dorg.eclipse.ant.core.ANT_PROCESS_ID=1325141919956 -Declipse.connect.port=53476 -Declipse.pdebuild.home=/D:/springsource/sts-2.8.1.RELEASE/plugins/org.eclipse.pde.build_3.7.0.v20110512-1320/./ -Declipse.pdebuild.scripts=/D:/springsource/sts-2.8.1.RELEASE/plugins/org.eclipse.pde.build_3.7.0.v20110512-1320/scripts/ -Declipse.pdebuild.templates=/D:/springsource/sts-2.8.1.RELEASE/plugins/org.eclipse.pde.build_3.7.0.v20110512-1320/templates/ -Dant.home=D:\springsource\sts-2.8.1.RELEASE\plugins\org.apache.ant_1.8.2.v20110505-1300 -logger org.eclipse.ant.internal.launching.remote.logger.RemoteAntBuildLogger -inputhandler org.eclipse.ant.internal.ui.antsupport.inputhandler.ProxyInputHandler -buildfile D:\workspaces\auto-test\AutoTest\build\build.xml commit_project" />
    <property name="org.apache.maven:maven-repository-metadata:jar" value="d:\Maven Repository\org\apache\maven\maven-repository-metadata\3.0.2\maven-repository-metadata-3.0.2.jar" />
    <property name="org.sonatype.sisu.inject:guice-plexus-locators:jar" value="d:\Maven Repository\org\sonatype\sisu\inject\guice-plexus-locators\2.0.0\guice-plexus-locators-2.0.0.jar" />
    <property name="aopalliance:aopalliance:jar" value="d:\Maven Repository\aopalliance\aopalliance\1.0\aopalliance-1.0.jar" />
    <property name="org.sonatype.sisu.inject:guice-plexus-metadata:jar" value="d:\Maven Repository\org\sonatype\sisu\inject\guice-plexus-metadata\2.0.0\guice-plexus-metadata-2.0.0.jar" />
    <property name="org.sonatype.sisu.inject:guice-plexus-scanners:jar" value="d:\Maven Repository\org\sonatype\sisu\inject\guice-plexus-scanners\2.0.0\guice-plexus-scanners-2.0.0.jar" />
    <property name="java.vm.specification.name" value="Java Virtual Machine Specification" />
    <property name="java.vm.specification.version" value="1.0" />
    <property name="sun.os.patch.level" value="Service Pack 1" />
    <property name="sun.cpu.endian" value="little" />
    <property name="org.apache.maven:maven-model-builder:jar" value="d:\Maven Repository\org\apache\maven\maven-model-builder\3.0.2\maven-model-builder-3.0.2.jar" />
    <property name="java.io.tmpdir" value="C:\Users\Admin\AppData\Local\Temp\" />
    <property name="eclipse.pdebuild.home" value="/D:/springsource/sts-2.8.1.RELEASE/plugins/org.eclipse.pde.build_3.7.0.v20110512-1320/./" />
    <property name="org.codehaus.plexus:plexus-classworlds:jar" value="d:\Maven Repository\org\codehaus\plexus\plexus-classworlds\2.4\plexus-classworlds-2.4.jar" />
    <property name="org.sonatype.aether:aether-util:jar" value="d:\Maven Repository\org\sonatype\aether\aether-util\1.9\aether-util-1.9.jar" />
    <property name="java.vendor.url.bug" value="http://java.sun.com/cgi-bin/bugreport.cgi" />
    <property name="org.apache.maven.wagon:wagon-provider-api:jar" value="d:\Maven Repository\org\apache\maven\wagon\wagon-provider-api\1.0-beta-7\wagon-provider-api-1.0-beta-7.jar" />
    <property name="org.apache.maven:maven-aether-provider:jar" value="d:\Maven Repository\org\apache\maven\maven-aether-provider\3.0.2\maven-aether-provider-3.0.2.jar" />
    <property name="java.awt.graphicsenv" value="sun.awt.Win32GraphicsEnvironment" />
    <property name="os.arch" value="amd64" />
    <property name="org.sonatype.sisu.inject:guice-bean-inject:jar" value="d:\Maven Repository\org\sonatype\sisu\inject\guice-bean-inject\2.0.0\guice-bean-inject-2.0.0.jar" />
    <property name="java.ext.dirs" value="D:\Java\jdk1.6.0_26\jre\lib\ext;C:\windows\Sun\Java\lib\ext" />
    <property name="user.dir" value="D:\workspaces\auto-test\AutoTest\build" />
    <property name="libDir" value="../lib" />
    <property name="line.separator" value="&#xd;&#xa;" />
    <property name="java.vm.name" value="Java HotSpot(TM) 64-Bit Server VM" />
    <property name="gitName" value="tester01" />
    <property name="basedir" value="D:\workspaces\auto-test\AutoTest\build" />
    <property name="org.apache.maven:maven-embedder:jar" value="d:\Maven Repository\org\apache\maven\maven-embedder\3.0.2\maven-embedder-3.0.2.jar" />
    <property name="ant.java.version" value="1.6" />
    <property name="ant.core.lib" value="D:\springsource\sts-2.8.1.RELEASE\plugins\org.apache.ant_1.8.2.v20110505-1300\lib\ant.jar" />
    <property name="ant.file.type.Auto Test" value="file" />
    <property name="org.sonatype.aether:aether-api:jar" value="d:\Maven Repository\org\sonatype\aether\aether-api\1.9\aether-api-1.9.jar" />
    <property name="file.encoding" value="UTF-8" />
    <property name="org.sonatype.sisu.inject:guice-bean-converters:jar" value="d:\Maven Repository\org\sonatype\sisu\inject\guice-bean-converters\2.0.0\guice-bean-converters-2.0.0.jar" />
    <property name="gitPwd" value="123456a" />
    <property name="java.specification.version" value="1.6" />
    <property name="ant.project.invoked-targets" value="commit_project" />
    <property name="org.apache.maven:maven-core:jar" value="d:\Maven Repository\org\apache\maven\maven-core\3.0.2\maven-core-3.0.2.jar" />
    <property name="org.sonatype.sisu.inject:guice-plexus-shim:jar" value="d:\Maven Repository\org\sonatype\sisu\inject\guice-plexus-shim\2.0.0\guice-plexus-shim-2.0.0.jar" />
  </properties>
  <error message="test.HelloTest" type="java.lang.ClassNotFoundException">java.lang.ClassNotFoundException: test.HelloTest
	at java.lang.ClassLoader.loadClass(ClassLoader.java:247)
	at java.lang.Class.forName0(Native Method)
	at java.lang.Class.forName(Class.java:247)
	at org.eclipse.ant.internal.launching.remote.EclipseDefaultExecutor.executeTargets(EclipseDefaultExecutor.java:32)
	at org.eclipse.ant.internal.launching.remote.InternalAntRunner.run(InternalAntRunner.java:424)
	at org.eclipse.ant.internal.launching.remote.InternalAntRunner.main(InternalAntRunner.java:138)
</error>
  <system-out><![CDATA[]]></system-out>
  <system-err><![CDATA[]]></system-err>
</testsuite>
